#
# A fatal error has been detected by the Java Runtime Environment:
#
#  SIGSEGV (0xb) at pc=0x00007f33524b4401, pid=230, tid=298
#
# JRE version: OpenJDK Runtime Environment (11.0.8+10) (build 11.0.8+10-post-Ubuntu-0ubuntu118.04.1)
# Java VM: OpenJDK 64-Bit Server VM (11.0.8+10-post-Ubuntu-0ubuntu118.04.1, mixed mode, sharing, tiered, compressed oops, serial gc, linux-amd64)
# Problematic frame:
# C  [libjimage.so+0x2401]
#
# Core dump will be written. Default location: Core dumps may be processed with "/usr/share/apport/apport %p %s %c %d %P %E" (or dumping to /home/runner/a8q1-younj1601/core.230)
#
# If you would like to submit a bug report, please visit:
#   https://bugs.launchpad.net/ubuntu/+source/openjdk-lts
#

---------------  S U M M A R Y ------------

Command Line: Main

Host: Intel(R) Xeon(R) CPU @ 2.30GHz, 4 cores, 512M, Ubuntu 18.04.5 LTS
Time: Thu Oct 29 15:48:49 2020 UTC elapsed time: 23 seconds (0d 0h 0m 23s)

---------------  T H R E A D  ---------------

Current thread (0x00007f32ec001000):  JavaThread "XToolkt-Shutdown-Thread" [_thread_in_vm, id=298, stack(0x00007f334beff000,0x00007f334c000000)]

Stack: [0x00007f334beff000,0x00007f334c000000],  sp=0x00007f334bffd060,  free space=1016k
Native frames: (J=compiled Java code, A=aot compiled Java code, j=interpreted, Vv=VM code, C=native code)
C  [libjimage.so+0x2401]
C  [libjimage.so+0x30ea]
C  [libjimage.so+0x35c6]  JIMAGE_FindResource+0xd6
V  [libjvm.so+0x59097e]
V  [libjvm.so+0x5936e0]
V  [libjvm.so+0xd50b85]
V  [libjvm.so+0xd4e51a]
V  [libjvm.so+0xd51112]
V  [libjvm.so+0x647127]
V  [libjvm.so+0xa3c57a]
V  [libjvm.so+0x844136]
V  [libjvm.so+0x84502d]
j  sun.awt.X11.XToolkit.lambda$init$0()V+0 java.desktop@11.0.8
j  sun.awt.X11.XToolkit$$Lambda$9.run()V+4 java.desktop@11.0.8
j  java.lang.Thread.run()V+11 java.base@11.0.8
v  ~StubRoutines::call_stub
V  [libjvm.so+0x84eb09]
V  [libjvm.so+0x84cc4d]
V  [libjvm.so+0x8f6c9c]
V  [libjvm.so+0xd8996f]
V  [libjvm.so+0xd860bf]
V  [libjvm.so+0xbd632e]

Java frames: (J=compiled Java code, j=interpreted, Vv=VM code)
j  sun.awt.X11.XToolkit.lambda$init$0()V+0 java.desktop@11.0.8
j  sun.awt.X11.XToolkit$$Lambda$9.run()V+4 java.desktop@11.0.8
j  java.lang.Thread.run()V+11 java.base@11.0.8
v  ~StubRoutines::call_stub

siginfo: si_signo: 11 (SIGSEGV), si_code: 1 (SEGV_MAPERR), si_addr: 0x00007f3343904ca8

Register to memory mapping:

RAX=0x0000000000000b23 is an unknown value
RBX=0x00007f334bffd111 is pointing into the stack for thread: 0x00007f32ec001000
RCX=0x00007f334390201c is an unknown value
RDX=0x0000000000000b23 is an unknown value
RSP=0x00007f334bffd060 is pointing into the stack for thread: 0x00007f32ec001000
RBP=0x00007f334bffd080 is pointing into the stack for thread: 0x00007f32ec001000
RSI=0x00007f334bffd110 is pointing into the stack for thread: 0x00007f32ec001000
RDI=0x00007f33526b7030: <offset 0x0000000000205030> in /usr/lib/jvm/java-11-openjdk-amd64/lib/libjimage.so at 0x00007f33524b2000
R8 =0x0 is NULL
R9 =0x00000000ca0d71f0 is an unknown value
R10=0x00007f334bffd134 is pointing into the stack for thread: 0x00007f32ec001000
R11=0x00007f33544ed07d: <offset 0x0000000000eb307d> in /usr/lib/jvm/java-11-openjdk-amd64/lib/server/libjvm.so at 0x00007f335363a000
R12=0x00007f334bffd110 is pointing into the stack for thread: 0x00007f32ec001000
R13=0x00000000000083bc is an unknown value
R14=0x00007f334bffe1a8 is pointing into the stack for thread: 0x00007f32ec001000
R15=0x00007f33240117b0 points into unknown readable memory: 73 75 6e 2f 61 77 74 2f


Registers:
RAX=0x0000000000000b23, RBX=0x00007f334bffd111, RCX=0x00007f334390201c, RDX=0x0000000000000b23
RSP=0x00007f334bffd060, RBP=0x00007f334bffd080, RSI=0x00007f334bffd110, RDI=0x00007f33526b7030
R8 =0x0000000000000000, R9 =0x00000000ca0d71f0, R10=0x00007f334bffd134, R11=0x00007f33544ed07d
R12=0x00007f334bffd110, R13=0x00000000000083bc, R14=0x00007f334bffe1a8, R15=0x00007f33240117b0
RIP=0x00007f33524b4401, EFLAGS=0x0000000000010246, CSGSFS=0x002b000000000033, ERR=0x0000000000000004
  TRAPNO=0x000000000000000e

Top of Stack: (sp=0x00007f334bffd060)
0x00007f334bffd060:   0000000000000000 00007f334c009600
0x00007f334bffd070:   0000000000000000 00007f334bffd110
0x00007f334bffd080:   00007f334bffd0f0 00007f33524b50ea
0x00007f334bffd090:   0000000000000000 0000000000000000 

Instructions: (pc=0x00007f33524b4401)
0x00007f33524b4301:   c5 4c 01 e3 48 89 ce e8 d3 f3 ff ff e9 69 fd ff
0x00007f33524b4311:   ff 89 d1 0f b7 74 08 fe 66 41 89 74 0e fe e9 7a
0x00007f33524b4321:   fe ff ff 0f 1f 40 00 8b 08 49 8d 1c 16 41 89 0e
0x00007f33524b4331:   89 d1 8b 74 08 fc 41 89 74 0e fc 48 8d 34 10 48
0x00007f33524b4341:   89 75 b8 e9 0b fe ff ff 0f 1f 80 00 00 00 00 0f
0x00007f33524b4351:   b6 17 55 89 f0 48 89 e5 84 d2 74 22 48 8d 4f 01
0x00007f33524b4361:   0f 1f 80 00 00 00 00 48 83 c1 01 0f b6 f2 0f b6
0x00007f33524b4371:   51 ff 69 c0 93 01 00 01 31 f0 84 d2 75 e9 25 ff
0x00007f33524b4381:   ff ff 7f 5d c3 66 2e 0f 1f 84 00 00 00 00 00 48
0x00007f33524b4391:   85 d2 0f 84 dd 00 00 00 85 c9 0f 84 d5 00 00 00
0x00007f33524b43a1:   55 48 89 e5 41 55 41 54 53 48 8d 5e 01 48 83 ec
0x00007f33524b43b1:   08 44 0f b6 06 45 84 c0 0f 84 a9 00 00 00 49 89
0x00007f33524b43c1:   da b8 93 01 00 01 66 0f 1f 84 00 00 00 00 00 49
0x00007f33524b43d1:   83 c2 01 44 69 c8 93 01 00 01 41 0f b6 c0 45 0f
0x00007f33524b43e1:   b6 42 ff 44 31 c8 45 84 c0 75 e4 25 ff ff ff 7f
0x00007f33524b43f1:   41 89 cd 48 89 d1 31 d2 41 f7 f5 49 89 f4 89 d0
0x00007f33524b4401:   8b 34 81 48 8b 07 ff 50 20 83 f8 00 7e 41 41 0f
0x00007f33524b4411:   b6 14 24 84 d2 74 1c 0f 1f 84 00 00 00 00 00 69
0x00007f33524b4421:   c0 93 01 00 01 48 83 c3 01 31 d0 0f b6 53 ff 84
0x00007f33524b4431:   d2 75 ec 25 ff ff ff 7f 31 d2 41 f7 f5 48 83 c4
0x00007f33524b4441:   08 89 d0 5b 41 5c 41 5d 5d c3 0f 1f 44 00 00 74
0x00007f33524b4451:   1d f7 d0 48 83 c4 08 89 c2 5b 89 d0 41 5c 41 5d
0x00007f33524b4461:   5d c3 0f 1f 44 00 00 b8 93 01 00 01 eb 82 ba ff
0x00007f33524b4471:   ff ff ff eb c8 83 ca ff 89 d0 c3 0f 1f 40 00 0f
0x00007f33524b4481:   b6 17 55 48 89 f8 48 89 e5 84 d2 75 15 eb 1a 38
0x00007f33524b4491:   ca 75 1c 48 83 c0 01 0f b6 10 48 83 c6 01 84 d2
0x00007f33524b44a1:   74 07 0f b6 0e 84 c9 75 e6 5d c3 0f 1f 40 00 31
0x00007f33524b44b1:   c0 5d c3 66 90 66 2e 0f 1f 84 00 00 00 00 00 55
0x00007f33524b44c1:   48 85 f6 48 89 e5 74 57 0f 1f 80 00 00 00 00 0f
0x00007f33524b44d1:   b6 06 84 c0 74 49 0f b6 d0 83 e0 07 c1 fa 03 44
0x00007f33524b44e1:   8d 50 01 0f b6 c0 41 89 d1 48 8d 56 01 4c 8d 44
0x00007f33524b44f1:   06 02 31 c0 0f 1f 00 0f b6 0a 48 c1 e0 08 48 83 


Stack slot to memory mapping:
stack at sp + 0 slots: 0x0 is NULL
stack at sp + 1 slots: 0x00007f334c009600 points into unknown readable memory: 30 a6 1b 4c 33 7f 00 00
stack at sp + 2 slots: 0x0 is NULL
stack at sp + 3 slots: 0x00007f334bffd110 is pointing into the stack for thread: 0x00007f32ec001000
stack at sp + 4 slots: 0x00007f334bffd0f0 is pointing into the stack for thread: 0x00007f32ec001000
stack at sp + 5 slots: 0x00007f33524b50ea: <offset 0x00000000000030ea> in /usr/lib/jvm/java-11-openjdk-amd64/lib/libjimage.so at 0x00007f33524b2000
stack at sp + 6 slots: 0x0 is NULL
stack at sp + 7 slots: 0x0 is NULL


---------------  P R O C E S S  ---------------

Threads class SMR info:
_java_thread_list=0x00007f32ec0028c0, length=16, elements={
0x00007f334c051000, 0x00007f334c053000, 0x00007f334c059000, 0x00007f334c05b800,
0x00007f334c05d800, 0x00007f334c05f800, 0x00007f334c09a000, 0x00007f334c0a3000,
0x00007f334c1e1000, 0x00007f334c1e7000, 0x00007f334c1ec800, 0x00007f334c1fe800,
0x00007f334c016000, 0x00007f3320001000, 0x00007f3320003000, 0x00007f32ec001000
}

Java Threads: ( => current thread )
  0x00007f334c051000 JavaThread "Reference Handler" daemon [_thread_blocked, id=233, stack(0x00007f3350db3000,0x00007f3350eb4000)]
  0x00007f334c053000 JavaThread "Finalizer" daemon [_thread_blocked, id=234, stack(0x00007f3350cb2000,0x00007f3350db3000)]
  0x00007f334c059000 JavaThread "Signal Dispatcher" daemon [_thread_blocked, id=235, stack(0x00007f3350a16000,0x00007f3350b17000)]
  0x00007f334c05b800 JavaThread "C2 CompilerThread0" daemon [_thread_blocked, id=236, stack(0x00007f3350915000,0x00007f3350a16000)]
  0x00007f334c05d800 JavaThread "C1 CompilerThread0" daemon [_thread_blocked, id=237, stack(0x00007f3350814000,0x00007f3350915000)]
  0x00007f334c05f800 JavaThread "Sweeper thread" daemon [_thread_blocked, id=238, stack(0x00007f3350713000,0x00007f3350814000)]
  0x00007f334c09a000 JavaThread "Service Thread" daemon [_thread_blocked, id=239, stack(0x00007f3350612000,0x00007f3350713000)]
  0x00007f334c0a3000 JavaThread "Common-Cleaner" daemon [_thread_blocked, id=241, stack(0x00007f335040f000,0x00007f3350510000)]
  0x00007f334c1e1000 JavaThread "Java2D Disposer" daemon [_thread_blocked, id=292, stack(0x00007f33500f4000,0x00007f33501f5000)]
  0x00007f334c1e7000 JavaThread "AWT-XAWT" daemon [_thread_in_native, id=293, stack(0x00007f33340b7000,0x00007f33341b8000)]
  0x00007f334c1ec800 JavaThread "AWT-Shutdown" [_thread_blocked, id=294, stack(0x00007f330c094000,0x00007f330c195000)]
  0x00007f334c1fe800 JavaThread "AWT-EventQueue-0" [_thread_blocked, id=295, stack(0x00007f3306efd000,0x00007f3306ffe000)]
  0x00007f334c016000 JavaThread "DestroyJavaVM" [_thread_blocked, id=231, stack(0x00007f33557a7000,0x00007f33558a8000)]
  0x00007f3320001000 JavaThread "SIGTERM handler" daemon [_thread_blocked, id=296, stack(0x00007f3306dfc000,0x00007f3306efd000)]
  0x00007f3320003000 JavaThread "SIGHUP handler" daemon [_thread_blocked, id=297, stack(0x00007f3306cfb000,0x00007f3306dfc000)]
=>0x00007f32ec001000 JavaThread "XToolkt-Shutdown-Thread" [_thread_in_vm, id=298, stack(0x00007f334beff000,0x00007f334c000000)]

Other Threads:
  0x00007f334c04e000 VMThread "VM Thread" [stack: 0x00007f3350eb6000,0x00007f3350fb6000] [id=232]
  0x00007f334c09c000 WatcherThread [stack: 0x00007f3350512000,0x00007f3350612000] [id=240]

Threads with active compile tasks:

VM state:not at safepoint (normal execution)

VM Mutex/Monitor currently owned by a thread: None

Heap address: 0x00000000f8000000, size: 128 MB, Compressed Oops mode: 32-bit
Narrow klass base: 0x0000000800000000, Narrow klass shift: 3
Compressed class space size: 1073741824 Address: 0x0000000840000000

Heap:
 def new generation   total 2432K, used 1558K [0x00000000f8000000, 0x00000000f82a0000, 0x00000000faaa0000)
  eden space 2176K,  59% used [0x00000000f8000000, 0x00000000f8145b88, 0x00000000f8220000)
  from space 256K, 100% used [0x00000000f8260000, 0x00000000f82a0000, 0x00000000f82a0000)
  to   space 256K,   0% used [0x00000000f8220000, 0x00000000f8220000, 0x00000000f8260000)
 tenured generation   total 5504K, used 1517K [0x00000000faaa0000, 0x00000000fb000000, 0x0000000100000000)
   the space 5504K,  27% used [0x00000000faaa0000, 0x00000000fac1b498, 0x00000000fac1b600, 0x00000000fb000000)
 Metaspace       used 8095K, capacity 8425K, committed 8576K, reserved 1056768K
  class space    used 922K, capacity 1101K, committed 1152K, reserved 1048576K

Card table byte_map: [0x00007f3355766000,0x00007f33557a7000] _byte_map_base: 0x00007f3354fa6000

Polling page: 0x00007f33558c4000

Metaspace:

Usage:
  Non-class:      7.15 MB capacity,     7.00 MB ( 98%) used,   115.62 KB (  2%) free+waste,    35.50 KB ( <1%) overhead. 
      Class:      1.08 MB capacity,   922.52 KB ( 84%) used,   157.17 KB ( 14%) free+waste,    21.31 KB (  2%) overhead. 
       Both:      8.23 MB capacity,     7.91 MB ( 96%) used,   272.80 KB (  3%) free+waste,    56.81 KB ( <1%) overhead. 

Virtual space:
  Non-class space:        8.00 MB reserved,       7.25 MB ( 91%) committed 
      Class space:        1.00 GB reserved,       1.12 MB ( <1%) committed 
             Both:        1.01 GB reserved,       8.38 MB ( <1%) committed 

Chunk freelists:
   Non-Class:  28.00 KB
       Class:  19.00 KB
        Both:  47.00 KB

MaxMetaspaceSize: unlimited
CompressedClassSpaceSize: 1.00 GB

CodeHeap 'non-profiled nmethods': size=120036Kb used=258Kb max_used=258Kb free=119777Kb
 bounds [0x00007f333c3c9000, 0x00007f333c639000, 0x00007f3343902000]
CodeHeap 'profiled nmethods': size=120032Kb used=1263Kb max_used=1263Kb free=118769Kb
 bounds [0x00007f3334e91000, 0x00007f3335101000, 0x00007f333c3c9000]
CodeHeap 'non-nmethods': size=5692Kb used=1195Kb max_used=1209Kb free=4496Kb
 bounds [0x00007f3334902000, 0x00007f3334b72000, 0x00007f3334e91000]
 total_blobs=1398 nmethods=827 adapters=486
 compilation: enabled
              stopped_count=0, restarted_count=0
 full_count=0

Compilation events (20 events):
Event: 21.776 Thread 0x00007f334c05d800  820       3       java.awt.GraphicsEnvironment::isHeadless (4 bytes)
Event: 21.777 Thread 0x00007f334c05d800 nmethod 820 0x00007f3334fc4790 code [0x00007f3334fc4980, 0x00007f3334fc4de0]
Event: 21.777 Thread 0x00007f334c05d800  821       3       java.awt.GraphicsEnvironment::getHeadlessProperty (22 bytes)
Event: 21.777 Thread 0x00007f334c05d800 nmethod 821 0x00007f3334fc4f10 code [0x00007f3334fc5100, 0x00007f3334fc5500]
Event: 21.800 Thread 0x00007f334c05d800  824       3       java.awt.EventQueue::getNextEventPrivate (76 bytes)
Event: 21.801 Thread 0x00007f334c05d800 nmethod 824 0x00007f3334fc5610 code [0x00007f3334fc57e0, 0x00007f3334fc5ae0]
Event: 21.833 Thread 0x00007f334c05d800  826       3       java.awt.Container::findComponentAtImpl (161 bytes)
Event: 21.834 Thread 0x00007f334c05d800 nmethod 826 0x00007f3334fc5c90 code [0x00007f3334fc5f00, 0x00007f3334fc6be0]
Event: 21.834 Thread 0x00007f334c05d800  825       3       sun.awt.AWTAccessor::getAWTEventAccessor (18 bytes)
Event: 21.835 Thread 0x00007f334c05d800 nmethod 825 0x00007f3334fc6f10 code [0x00007f3334fc70e0, 0x00007f3334fc72c0]
Event: 22.041 Thread 0x00007f334c05d800  827   !   3       sun.awt.X11.XToolkit::getNextTaskTime (55 bytes)
Event: 22.042 Thread 0x00007f334c05d800 nmethod 827 0x00007f3334fc7390 code [0x00007f3334fc7640, 0x00007f3334fc8460]
Event: 22.629 Thread 0x00007f334c05d800  829       3       java.lang.invoke.VarHandleGuards::guard_LL_V (103 bytes)
Event: 22.632 Thread 0x00007f334c05d800 nmethod 829 0x00007f3334fc8990 code [0x00007f3334fc8ce0, 0x00007f3334fca760]
Event: 22.632 Thread 0x00007f334c05d800  830       3       java.lang.invoke.VarHandleObjects$FieldInstanceReadWrite::set (30 bytes)
Event: 22.640 Thread 0x00007f334c05d800 nmethod 830 0x00007f3334fcb010 code [0x00007f3334fcb240, 0x00007f3334fcb940]
Event: 22.657 Thread 0x00007f334c05d800  832       3       java.awt.Component::dispatchEvent (6 bytes)
Event: 22.657 Thread 0x00007f334c05d800 nmethod 832 0x00007f3334fcbc10 code [0x00007f3334fcbdc0, 0x00007f3334fcbfa0]
Event: 22.657 Thread 0x00007f334c05d800  833       3       java.awt.Window::dispatchEventImpl (23 bytes)
Event: 22.658 Thread 0x00007f334c05d800 nmethod 833 0x00007f3334fcc090 code [0x00007f3334fcc2a0, 0x00007f3334fcca30]

GC Heap History (6 events):
Event: 0.837 GC heap before
{Heap before GC invocations=0 (full 0):
 def new generation   total 2432K, used 2176K [0x00000000f8000000, 0x00000000f82a0000, 0x00000000faaa0000)
  eden space 2176K, 100% used [0x00000000f8000000, 0x00000000f8220000, 0x00000000f8220000)
  from space 256K,   0% used [0x00000000f8220000, 0x00000000f8220000, 0x00000000f8260000)
  to   space 256K,   0% used [0x00000000f8260000, 0x00000000f8260000, 0x00000000f82a0000)
 tenured generation   total 5504K, used 0K [0x00000000faaa0000, 0x00000000fb000000, 0x0000000100000000)
   the space 5504K,   0% used [0x00000000faaa0000, 0x00000000faaa0000, 0x00000000faaa0200, 0x00000000fb000000)
 Metaspace       used 1211K, capacity 4639K, committed 4864K, reserved 1056768K
  class space    used 107K, capacity 441K, committed 512K, reserved 1048576K
}
Event: 0.864 GC heap after
{Heap after GC invocations=1 (full 0):
 def new generation   total 2432K, used 255K [0x00000000f8000000, 0x00000000f82a0000, 0x00000000faaa0000)
  eden space 2176K,   0% used [0x00000000f8000000, 0x00000000f8000000, 0x00000000f8220000)
  from space 256K,  99% used [0x00000000f8260000, 0x00000000f829fff8, 0x00000000f82a0000)
  to   space 256K,   0% used [0x00000000f8220000, 0x00000000f8220000, 0x00000000f8260000)
 tenured generation   total 5504K, used 621K [0x00000000faaa0000, 0x00000000fb000000, 0x0000000100000000)
   the space 5504K,  11% used [0x00000000faaa0000, 0x00000000fab3b608, 0x00000000fab3b800, 0x00000000fb000000)
 Metaspace       used 1211K, capacity 4639K, committed 4864K, reserved 1056768K
  class space    used 107K, capacity 441K, committed 512K, reserved 1048576K
}
Event: 7.888 GC heap before
{Heap before GC invocations=1 (full 0):
 def new generation   total 2432K, used 2431K [0x00000000f8000000, 0x00000000f82a0000, 0x00000000faaa0000)
  eden space 2176K, 100% used [0x00000000f8000000, 0x00000000f8220000, 0x00000000f8220000)
  from space 256K,  99% used [0x00000000f8260000, 0x00000000f829fff8, 0x00000000f82a0000)
  to   space 256K,   0% used [0x00000000f8220000, 0x00000000f8220000, 0x00000000f8260000)
 tenured generation   total 5504K, used 621K [0x00000000faaa0000, 0x00000000fb000000, 0x0000000100000000)
   the space 5504K,  11% used [0x00000000faaa0000, 0x00000000fab3b608, 0x00000000fab3b800, 0x00000000fb000000)
 Metaspace       used 4127K, capacity 4864K, committed 4992K, reserved 1056768K
  class space    used 415K, capacity 523K, committed 640K, reserved 1048576K
}
Event: 7.919 GC heap after
{Heap after GC invocations=2 (full 0):
 def new generation   total 2432K, used 256K [0x00000000f8000000, 0x00000000f82a0000, 0x00000000faaa0000)
  eden space 2176K,   0% used [0x00000000f8000000, 0x00000000f8000000, 0x00000000f8220000)
  from space 256K, 100% used [0x00000000f8220000, 0x00000000f8260000, 0x00000000f8260000)
  to   space 256K,   0% used [0x00000000f8260000, 0x00000000f8260000, 0x00000000f82a0000)
 tenured generation   total 5504K, used 1121K [0x00000000faaa0000, 0x00000000fb000000, 0x0000000100000000)
   the space 5504K,  20% used [0x00000000faaa0000, 0x00000000fabb8448, 0x00000000fabb8600, 0x00000000fb000000)
 Metaspace       used 4127K, capacity 4864K, committed 4992K, reserved 1056768K
  class space    used 415K, capacity 523K, committed 640K, reserved 1048576K
}
Event: 8.564 GC heap before
{Heap before GC invocations=2 (full 0):
 def new generation   total 2432K, used 2432K [0x00000000f8000000, 0x00000000f82a0000, 0x00000000faaa0000)
  eden space 2176K, 100% used [0x00000000f8000000, 0x00000000f8220000, 0x00000000f8220000)
  from space 256K, 100% used [0x00000000f8220000, 0x00000000f8260000, 0x00000000f8260000)
  to   space 256K,   0% used [0x00000000f8260000, 0x00000000f8260000, 0x00000000f82a0000)
 tenured generation   total 5504K, used 1121K [0x00000000faaa0000, 0x00000000fb000000, 0x0000000100000000)
   the space 5504K,  20% used [0x00000000faaa0000, 0x00000000fabb8448, 0x00000000fabb8600, 0x00000000fb000000)
 Metaspace       used 5716K, capacity 6003K, committed 6272K, reserved 1056768K
  class space    used 623K, capacity 785K, committed 896K, reserved 1048576K
}
Event: 8.570 GC heap after
{Heap after GC invocations=3 (full 0):
 def new generation   total 2432K, used 256K [0x00000000f8000000, 0x00000000f82a0000, 0x00000000faaa0000)
  eden space 2176K,   0% used [0x00000000f8000000, 0x00000000f8000000, 0x00000000f8220000)
  from space 256K, 100% used [0x00000000f8260000, 0x00000000f82a0000, 0x00000000f82a0000)
  to   space 256K,   0% used [0x00000000f8220000, 0x00000000f8220000, 0x00000000f8260000)
 tenured generation   total 5504K, used 1517K [0x00000000faaa0000, 0x00000000fb000000, 0x0000000100000000)
   the space 5504K,  27% used [0x00000000faaa0000, 0x00000000fac1b498, 0x00000000fac1b600, 0x00000000fb000000)
 Metaspace       used 5716K, capacity 6003K, committed 6272K, reserved 1056768K
  class space    used 623K, capacity 785K, committed 896K, reserved 1048576K
}

Deoptimization events (8 events):
Event: 0.238 Thread 0x00007f334c016000 Uncommon trap: trap_request=0xffffff4d fr.pc=0x00007f333c3ccae0 relative=0x00000000000001c0
Event: 0.238 Thread 0x00007f334c016000 Uncommon trap: reason=unstable_if action=reinterpret pc=0x00007f333c3ccae0 method=java.lang.String.hashCode()I @ 14 c2
Event: 0.238 Thread 0x00007f334c016000 DEOPT PACKING pc=0x00007f333c3ccae0 sp=0x00007f33558a51b0
Event: 0.238 Thread 0x00007f334c016000 DEOPT UNPACKING pc=0x00007f33349281a5 sp=0x00007f33558a5168 mode 2
Event: 9.183 Thread 0x00007f334c1fe800 Uncommon trap: trap_request=0xffffffc6 fr.pc=0x00007f333c3fd92c relative=0x000000000000078c
Event: 9.183 Thread 0x00007f334c1fe800 Uncommon trap: reason=bimorphic_or_optimized_type_check action=maybe_recompile pc=0x00007f333c3fd92c method=java.util.concurrent.ConcurrentHashMap.get(Ljava/lang/Object;)Ljava/lang/Object; @ 149 c2
Event: 9.183 Thread 0x00007f334c1fe800 DEOPT PACKING pc=0x00007f333c3fd92c sp=0x00007f3306ff8ed0
Event: 9.183 Thread 0x00007f334c1fe800 DEOPT UNPACKING pc=0x00007f33349281a5 sp=0x00007f3306ff8e70 mode 2

Classes redefined (0 events):
No events

Internal exceptions (20 events):
Event: 0.280 Thread 0x00007f334c016000 Exception <a 'java/lang/ClassNotFoundException'{0x00000000f80c2600}: sun/awt/resources/spi/awtProvider> (0x00000000f80c2600) thrown at [./src/hotspot/share/classfile/systemDictionary.cpp, line 231]
Event: 0.618 Thread 0x00007f334c016000 Exception <a 'java/io/FileNotFoundException'{0x00000000f8178768}> (0x00000000f8178768) thrown at [./src/hotspot/share/prims/jni.cpp, line 615]
Event: 0.723 Thread 0x00007f334c016000 Exception <a 'java/lang/NoSuchMethodError'{0x00000000f81d4df8}: 'java.lang.Object java.lang.invoke.DirectMethodHandle$Holder.invokeStatic(java.lang.Object, java.lang.Object, java.lang.Object, java.lang.Object, java.lang.Object, java.lang.Object, java.lang.Object, java.lang.Object, java.lang.Object, java.lang.Object, java.lang.Object, java.lang.Object, java.lang.Object, java.lang.Object, java.lang.Object)'> (0x00000000f81d4df8) thrown at [./src/hotspot/share/interpreter/linkResolver.cpp, line 773]
Event: 0.755 Thread 0x00007f334c016000 Exception <a 'java/lang/NoSuchMethodError'{0x00000000f81e32d0}: 'java.lang.Object java.lang.invoke.DirectMethodHandle$Holder.invokeStatic(java.lang.Object, java.lang.Object, java.lang.Object, java.lang.Object, java.lang.Object, java.lang.Object, java.lang.Object, java.lang.Object, java.lang.Object, java.lang.Object, java.lang.Object, java.lang.Object, java.lang.Object, java.lang.Object, java.lang.Object, java.lang.Object)'> (0x00000000f81e32d0) thrown at [./src/hotspot/share/interpreter/linkResolver.cpp, l
Event: 0.758 Thread 0x00007f334c016000 Exception <a 'java/lang/NoSuchMethodError'{0x00000000f81f1180}: 'java.lang.Object java.lang.invoke.DirectMethodHandle$Holder.invokeSpecial(java.lang.Object, java.lang.Object, int, int, java.lang.Object, java.lang.Object, java.lang.Object)'> (0x00000000f81f1180) thrown at [./src/hotspot/share/interpreter/linkResolver.cpp, line 773]
Event: 0.811 Thread 0x00007f334c016000 Exception <a 'java/lang/NoSuchMethodError'{0x00000000f81f4710}: 'java.lang.Object java.lang.invoke.DelegatingMethodHandle$Holder.reinvoke_L(java.lang.Object, int, int, java.lang.Object, java.lang.Object, java.lang.Object)'> (0x00000000f81f4710) thrown at [./src/hotspot/share/interpreter/linkResolver.cpp, line 773]
Event: 0.812 Thread 0x00007f334c016000 Exception <a 'java/lang/NoSuchMethodError'{0x00000000f81f8a68}: 'java.lang.Object java.lang.invoke.DirectMethodHandle$Holder.invokeStatic(java.lang.Object, java.lang.Object, java.lang.Object, java.lang.Object, int)'> (0x00000000f81f8a68) thrown at [./src/hotspot/share/interpreter/linkResolver.cpp, line 773]
Event: 7.353 Thread 0x00007f334c016000 Exception <a 'java/lang/NoSuchMethodError'{0x00000000f813ef50}: 'java.lang.Object java.lang.invoke.DirectMethodHandle$Holder.invokeStatic(java.lang.Object, java.lang.Object, java.lang.Object, java.lang.Object, java.lang.Object, java.lang.Object, java.lang.Object, java.lang.Object, int)'> (0x00000000f813ef50) thrown at [./src/hotspot/share/interpreter/linkResolver.cpp, line 773]
Event: 7.379 Thread 0x00007f334c016000 Exception <a 'java/lang/NoSuchMethodError'{0x00000000f81594f8}: 'java.lang.Object java.lang.invoke.DirectMethodHandle$Holder.invokeStatic(java.lang.Object, java.lang.Object, java.lang.Object, java.lang.Object, java.lang.Object, java.lang.Object, java.lang.Object, java.lang.Object, int, int)'> (0x00000000f81594f8) thrown at [./src/hotspot/share/interpreter/linkResolver.cpp, line 773]
Event: 7.414 Thread 0x00007f334c016000 Exception <a 'java/lang/NoSuchMethodError'{0x00000000f8165cf8}: 'void java.lang.invoke.DirectMethodHandle$Holder.invokeSpecial(java.lang.Object, java.lang.Object)'> (0x00000000f8165cf8) thrown at [./src/hotspot/share/interpreter/linkResolver.cpp, line 773]
Event: 8.073 Thread 0x00007f334c1fe800 Exception <a 'java/lang/NoSuchMethodError'{0x00000000f805d788}: 'java.lang.Object java.lang.invoke.DirectMethodHandle$Holder.invokeStatic(java.lang.Object, int, java.lang.Object, java.lang.Object, java.lang.Object, java.lang.Object)'> (0x00000000f805d788) thrown at [./src/hotspot/share/interpreter/linkResolver.cpp, line 773]
Event: 8.081 Thread 0x00007f334c1fe800 Exception <a 'java/lang/NoSuchMethodError'{0x00000000f80685c8}: 'java.lang.Object java.lang.invoke.DirectMethodHandle$Holder.invokeStatic(java.lang.Object, int, java.lang.Object, java.lang.Object, java.lang.Object)'> (0x00000000f80685c8) thrown at [./src/hotspot/share/interpreter/linkResolver.cpp, line 773]
Event: 8.082 Thread 0x00007f334c1fe800 Exception <a 'java/lang/NoSuchMethodError'{0x00000000f806c3d8}: 'java.lang.Object java.lang.invoke.DirectMethodHandle$Holder.invokeSpecial(java.lang.Object, java.lang.Object, int, java.lang.Object, java.lang.Object, java.lang.Object)'> (0x00000000f806c3d8) thrown at [./src/hotspot/share/interpreter/linkResolver.cpp, line 773]
Event: 8.118 Thread 0x00007f334c1fe800 Exception <a 'java/lang/NoSuchMethodError'{0x00000000f8084f78}: 'java.lang.Object java.lang.invoke.DirectMethodHandle$Holder.invokeStatic(java.lang.Object, int, java.lang.Object)'> (0x00000000f8084f78) thrown at [./src/hotspot/share/interpreter/linkResolver.cpp, line 773]
Event: 8.409 Thread 0x00007f334c1fe800 Exception <a 'java/lang/NoSuchMethodError'{0x00000000f81843a0}: 'java.lang.Object java.lang.invoke.Invokers$Holder.linkToTargetMethod(java.lang.Object, int, java.lang.Object)'> (0x00000000f81843a0) thrown at [./src/hotspot/share/interpreter/linkResolver.cpp, line 773]
Event: 8.427 Thread 0x00007f334c1fe800 Exception <a 'java/lang/ClassNotFoundException'{0x00000000f818cc08}: com/sun/swing/internal/plaf/metal/resources/spi/metalProvider> (0x00000000f818cc08) thrown at [./src/hotspot/share/classfile/systemDictionary.cpp, line 231]
Event: 8.430 Thread 0x00007f334c1fe800 Exception <a 'java/lang/ClassNotFoundException'{0x00000000f8191618}: com/sun/swing/internal/plaf/basic/resources/spi/basicProvider> (0x00000000f8191618) thrown at [./src/hotspot/share/classfile/systemDictionary.cpp, line 231]
Event: 8.552 Thread 0x00007f334c1fe800 Exception <a 'java/lang/NoSuchMethodError'{0x00000000f820a4d0}: 'void java.lang.invoke.DirectMethodHandle$Holder.invokeStaticInit(java.lang.Object)'> (0x00000000f820a4d0) thrown at [./src/hotspot/share/interpreter/linkResolver.cpp, line 773]
Event: 8.622 Thread 0x00007f334c1fe800 Exception <a 'java/lang/NoSuchMethodError'{0x00000000f8028f60}: 'java.lang.Object java.lang.invoke.DirectMethodHandle$Holder.invokeStatic(java.lang.Object, java.lang.Object, java.lang.Object, java.lang.Object, java.lang.Object, java.lang.Object, java.lang.Object, java.lang.Object, java.lang.Object, java.lang.Object, java.lang.Object, java.lang.Object, java.lang.Object, int)'> (0x00000000f8028f60) thrown at [./src/hotspot/share/interpreter/linkResolver.cpp, line 773]
Event: 8.625 Thread 0x00007f334c1fe800 Exception <a 'java/lang/NoSuchMethodError'{0x00000000f8035e00}: 'java.lang.Object java.lang.invoke.DirectMethodHandle$Holder.invokeStatic(java.lang.Object, java.lang.Object, java.lang.Object, java.lang.Object, java.lang.Object, java.lang.Object, java.lang.Object, java.lang.Object, java.lang.Object, java.lang.Object, java.lang.Object, java.lang.Object, java.lang.Object, int, int)'> (0x00000000f8035e00) thrown at [./src/hotspot/share/interpreter/linkResolver.cpp, line 773]

Events (20 events):
Event: 17.065 loading class javax/swing/JWindow
Event: 17.075 loading class javax/swing/JWindow done
Event: 17.075 loading class javax/swing/Popup$HeavyWeightWindow done
Event: 17.098 Loaded shared library /usr/lib/jvm/java-11-openjdk-amd64/lib/libawt_xawt.so
Event: 22.041 Loaded shared library /usr/lib/jvm/java-11-openjdk-amd64/lib/libawt_xawt.so
Event: 23.574 loading class jdk/internal/misc/Signal$1
Event: 23.575 loading class jdk/internal/misc/Signal$1 done
Event: 23.575 Thread 0x00007f3320001000 Thread added: 0x00007f3320001000
Event: 23.575 Protecting memory [0x00007f3306dfc000,0x00007f3306e00000] with protection modes 0
Event: 23.575 Executing VM operation: RevokeBias
Event: 23.580 Thread 0x00007f3320003000 Thread added: 0x00007f3320003000
Event: 23.580 Protecting memory [0x00007f3306cfb000,0x00007f3306cff000] with protection modes 0
Event: 23.580 Executing VM operation: RevokeBias done
Event: 23.581 Executing VM operation: RevokeBias
Event: 23.581 Executing VM operation: RevokeBias done
Event: 23.581 Executing VM operation: RevokeBias
Event: 23.581 Executing VM operation: RevokeBias done
Event: 23.581 Thread 0x00007f32ec001000 Thread added: 0x00007f32ec001000
Event: 23.581 Protecting memory [0x00007f334beff000,0x00007f334bf03000] with protection modes 0
Event: 23.581 loading class sun/awt/X11/XSystemTrayPeer


Dynamic libraries:
f8000000-f82a0000 rw-p 00000000 00:00 0 
f82a0000-faaa0000 ---p 00000000 00:00 0 
faaa0000-fb000000 rw-p 00000000 00:00 0 
fb000000-100000000 ---p 00000000 00:00 0 
800000000-800002000 rwxp 00001000 08:01 4397193                          /usr/lib/jvm/java-11-openjdk-amd64/lib/server/classes.jsa
800002000-8003b8000 rw-p 00003000 08:01 4397193                          /usr/lib/jvm/java-11-openjdk-amd64/lib/server/classes.jsa
8003b8000-800a93000 r--p 003b9000 08:01 4397193                          /usr/lib/jvm/java-11-openjdk-amd64/lib/server/classes.jsa
800a93000-800a94000 rw-p 00a94000 08:01 4397193                          /usr/lib/jvm/java-11-openjdk-amd64/lib/server/classes.jsa
800a94000-8010a0000 r--p 00a95000 08:01 4397193                          /usr/lib/jvm/java-11-openjdk-amd64/lib/server/classes.jsa
840000000-840120000 rw-p 00000000 00:00 0 
840120000-880000000 ---p 00000000 00:00 0 
560429e97000-560429e98000 r-xp 00000000 08:01 4396825                    /usr/lib/jvm/java-11-openjdk-amd64/bin/java
56042a098000-56042a099000 r--p 00001000 08:01 4396825                    /usr/lib/jvm/java-11-openjdk-amd64/bin/java
56042a099000-56042a09a000 rw-p 00002000 08:01 4396825                    /usr/lib/jvm/java-11-openjdk-amd64/bin/java
56042bff6000-56042c017000 rw-p 00000000 00:00 0                          [heap]
7f32e0000000-7f32e0021000 rw-p 00000000 00:00 0 
7f32e0021000-7f32e4000000 ---p 00000000 00:00 0 
7f32e4000000-7f32e4021000 rw-p 00000000 00:00 0 
7f32e4021000-7f32e8000000 ---p 00000000 00:00 0 
7f32e8000000-7f32e825d000 rw-p 00000000 00:00 0 
7f32e825d000-7f32ec000000 ---p 00000000 00:00 0 
7f32ec000000-7f32ec021000 rw-p 00000000 00:00 0 
7f32ec021000-7f32f0000000 ---p 00000000 00:00 0 
7f32f0000000-7f32f0021000 rw-p 00000000 00:00 0 
7f32f0021000-7f32f4000000 ---p 00000000 00:00 0 
7f32f4000000-7f32f4021000 rw-p 00000000 00:00 0 
7f32f4021000-7f32f8000000 ---p 00000000 00:00 0 
7f32f8000000-7f32f8021000 rw-p 00000000 00:00 0 
7f32f8021000-7f32fc000000 ---p 00000000 00:00 0 
7f32fc000000-7f32fc021000 rw-p 00000000 00:00 0 
7f32fc021000-7f3300000000 ---p 00000000 00:00 0 
7f3300000000-7f3300021000 rw-p 00000000 00:00 0 
7f3300021000-7f3304000000 ---p 00000000 00:00 0 
7f3306cfb000-7f3306cff000 ---p 00000000 00:00 0 
7f3306cff000-7f3306dfc000 rw-p 00000000 00:00 0 
7f3306dfc000-7f3306e00000 ---p 00000000 00:00 0 
7f3306e00000-7f3306efd000 rw-p 00000000 00:00 0 
7f3306efd000-7f3306f01000 ---p 00000000 00:00 0 
7f3306f01000-7f3306ffe000 rw-p 00000000 00:00 0 
7f3306ffe000-7f3306fff000 ---p 00000000 00:00 0 
7f3306fff000-7f33077ff000 rw-p 00000000 00:00 0 
7f33077ff000-7f3307800000 ---p 00000000 00:00 0 
7f3307800000-7f3308000000 rw-p 00000000 00:00 0 
7f3308000000-7f3308021000 rw-p 00000000 00:00 0 
7f3308021000-7f330c000000 ---p 00000000 00:00 0 
7f330c094000-7f330c098000 ---p 00000000 00:00 0 
7f330c098000-7f330c195000 rw-p 00000000 00:00 0 
7f330c195000-7f330c19a000 r-xp 00000000 08:01 3624907                    /usr/lib/x86_64-linux-gnu/libXfixes.so.3.1.0
7f330c19a000-7f330c399000 ---p 00005000 08:01 3624907                    /usr/lib/x86_64-linux-gnu/libXfixes.so.3.1.0
7f330c399000-7f330c39a000 r--p 00004000 08:01 3624907                    /usr/lib/x86_64-linux-gnu/libXfixes.so.3.1.0
7f330c39a000-7f330c39b000 rw-p 00005000 08:01 3624907                    /usr/lib/x86_64-linux-gnu/libXfixes.so.3.1.0
7f330c39b000-7f330c3a4000 r-xp 00000000 08:01 3624899                    /usr/lib/x86_64-linux-gnu/libXcursor.so.1.0.2
7f330c3a4000-7f330c5a3000 ---p 00009000 08:01 3624899                    /usr/lib/x86_64-linux-gnu/libXcursor.so.1.0.2
7f330c5a3000-7f330c5a4000 r--p 00008000 08:01 3624899                    /usr/lib/x86_64-linux-gnu/libXcursor.so.1.0.2
7f330c5a4000-7f330c5a5000 rw-p 00009000 08:01 3624899                    /usr/lib/x86_64-linux-gnu/libXcursor.so.1.0.2
7f330c5a5000-7f330c5b1000 r-xp 00000000 08:01 3624653                    /usr/lib/x86_64-linux-gnu/gio/modules/libdconfsettings.so
7f330c5b1000-7f330c7b0000 ---p 0000c000 08:01 3624653                    /usr/lib/x86_64-linux-gnu/gio/modules/libdconfsettings.so
7f330c7b0000-7f330c7b1000 r--p 0000b000 08:01 3624653                    /usr/lib/x86_64-linux-gnu/gio/modules/libdconfsettings.so
7f330c7b1000-7f330c7b2000 rw-p 0000c000 08:01 3624653                    /usr/lib/x86_64-linux-gnu/gio/modules/libdconfsettings.so
7f330c7b2000-7f330c7b8000 r-xp 00000000 08:01 3355259                    /lib/x86_64-linux-gnu/libuuid.so.1.3.0
7f330c7b8000-7f330c9b7000 ---p 00006000 08:01 3355259                    /lib/x86_64-linux-gnu/libuuid.so.1.3.0
7f330c9b7000-7f330c9b8000 r--p 00005000 08:01 3355259                    /lib/x86_64-linux-gnu/libuuid.so.1.3.0
7f330c9b8000-7f330c9b9000 rw-p 00006000 08:01 3355259                    /lib/x86_64-linux-gnu/libuuid.so.1.3.0
7f330c9b9000-7f330ca00000 r-xp 00000000 08:01 3355169                    /lib/x86_64-linux-gnu/libblkid.so.1.1.0
7f330ca00000-7f330cc00000 ---p 00047000 08:01 3355169                    /lib/x86_64-linux-gnu/libblkid.so.1.1.0
7f330cc00000-7f330cc04000 r--p 00047000 08:01 3355169                    /lib/x86_64-linux-gnu/libblkid.so.1.1.0
7f330cc04000-7f330cc05000 rw-p 0004b000 08:01 3355169                    /lib/x86_64-linux-gnu/libblkid.so.1.1.0
7f330cc05000-7f330cc06000 rw-p 00000000 00:00 0 
7f330cc06000-7f330cc76000 r-xp 00000000 08:01 3355231                    /lib/x86_64-linux-gnu/libpcre.so.3.13.3
7f330cc76000-7f330ce76000 ---p 00070000 08:01 3355231                    /lib/x86_64-linux-gnu/libpcre.so.3.13.3
7f330ce76000-7f330ce77000 r--p 00070000 08:01 3355231                    /lib/x86_64-linux-gnu/libpcre.so.3.13.3
7f330ce77000-7f330ce78000 rw-p 00071000 08:01 3355231                    /lib/x86_64-linux-gnu/libpcre.so.3.13.3
7f330ce78000-7f330ce7f000 r-xp 00000000 08:01 3355940                    /usr/lib/x86_64-linux-gnu/libffi.so.6.0.4
7f330ce7f000-7f330d07e000 ---p 00007000 08:01 3355940                    /usr/lib/x86_64-linux-gnu/libffi.so.6.0.4
7f330d07e000-7f330d07f000 r--p 00006000 08:01 3355940                    /usr/lib/x86_64-linux-gnu/libffi.so.6.0.4
7f330d07f000-7f330d080000 rw-p 00007000 08:01 3355940                    /usr/lib/x86_64-linux-gnu/libffi.so.6.0.4
7f330d080000-7f330d0d1000 r-xp 00000000 08:01 3355202                    /lib/x86_64-linux-gnu/libmount.so.1.1.0
7f330d0d1000-7f330d2d0000 ---p 00051000 08:01 3355202                    /lib/x86_64-linux-gnu/libmount.so.1.1.0
7f330d2d0000-7f330d2d2000 r--p 00050000 08:01 3355202                    /lib/x86_64-linux-gnu/libmount.so.1.1.0
7f330d2d2000-7f330d2d3000 rw-p 00052000 08:01 3355202                    /lib/x86_64-linux-gnu/libmount.so.1.1.0
7f330d2d3000-7f330d2d4000 rw-p 00000000 00:00 0 
7f330d2d4000-7f330d2eb000 r-xp 00000000 08:01 3355236                    /lib/x86_64-linux-gnu/libresolv-2.27.so
7f330d2eb000-7f330d4eb000 ---p 00017000 08:01 3355236                    /lib/x86_64-linux-gnu/libresolv-2.27.so
7f330d4eb000-7f330d4ec000 r--p 00017000 08:01 3355236                    /lib/x86_64-linux-gnu/libresolv-2.27.so
7f330d4ec000-7f330d4ed000 rw-p 00018000 08:01 3355236                    /lib/x86_64-linux-gnu/libresolv-2.27.so
7f330d4ed000-7f330d4ef000 rw-p 00000000 00:00 0 
7f330d4ef000-7f330d514000 r-xp 00000000 08:01 3355242                    /lib/x86_64-linux-gnu/libselinux.so.1
7f330d514000-7f330d713000 ---p 00025000 08:01 3355242                    /lib/x86_64-linux-gnu/libselinux.so.1
7f330d713000-7f330d714000 r--p 00024000 08:01 3355242                    /lib/x86_64-linux-gnu/libselinux.so.1
7f330d714000-7f330d715000 rw-p 00025000 08:01 3355242                    /lib/x86_64-linux-gnu/libselinux.so.1
7f330d715000-7f330d717000 rw-p 00000000 00:00 0 
7f330d717000-7f330d82b000 r-xp 00000000 08:01 3625283                    /usr/lib/x86_64-linux-gnu/libglib-2.0.so.0.5600.4
7f330d82b000-7f330da2b000 ---p 00114000 08:01 3625283                    /usr/lib/x86_64-linux-gnu/libglib-2.0.so.0.5600.4
7f330da2b000-7f330da2c000 r--p 00114000 08:01 3625283                    /usr/lib/x86_64-linux-gnu/libglib-2.0.so.0.5600.4
7f330da2c000-7f330da2d000 rw-p 00115000 08:01 3625283                    /usr/lib/x86_64-linux-gnu/libglib-2.0.so.0.5600.4
7f330da2d000-7f330da2e000 rw-p 00000000 00:00 0 
7f330da2e000-7f330da31000 r-xp 00000000 08:01 3625289                    /usr/lib/x86_64-linux-gnu/libgmodule-2.0.so.0.5600.4
7f330da31000-7f330dc30000 ---p 00003000 08:01 3625289                    /usr/lib/x86_64-linux-gnu/libgmodule-2.0.so.0.5600.4
7f330dc30000-7f330dc31000 r--p 00002000 08:01 3625289                    /usr/lib/x86_64-linux-gnu/libgmodule-2.0.so.0.5600.4
7f330dc31000-7f330dc32000 rw-p 00003000 08:01 3625289                    /usr/lib/x86_64-linux-gnu/libgmodule-2.0.so.0.5600.4
7f330dc32000-7f330dc84000 r-xp 00000000 08:01 3625293                    /usr/lib/x86_64-linux-gnu/libgobject-2.0.so.0.5600.4
7f330dc84000-7f330de84000 ---p 00052000 08:01 3625293                    /usr/lib/x86_64-linux-gnu/libgobject-2.0.so.0.5600.4
7f330de84000-7f330de85000 r--p 00052000 08:01 3625293                    /usr/lib/x86_64-linux-gnu/libgobject-2.0.so.0.5600.4
7f330de85000-7f330de86000 rw-p 00053000 08:01 3625293                    /usr/lib/x86_64-linux-gnu/libgobject-2.0.so.0.5600.4
7f330de86000-7f330e01b000 r-xp 00000000 08:01 3625275                    /usr/lib/x86_64-linux-gnu/libgio-2.0.so.0.5600.4
7f330e01b000-7f330e21b000 ---p 00195000 08:01 3625275                    /usr/lib/x86_64-linux-gnu/libgio-2.0.so.0.5600.4
7f330e21b000-7f330e222000 r--p 00195000 08:01 3625275                    /usr/lib/x86_64-linux-gnu/libgio-2.0.so.0.5600.4
7f330e222000-7f330e223000 rw-p 0019c000 08:01 3625275                    /usr/lib/x86_64-linux-gnu/libgio-2.0.so.0.5600.4
7f330e223000-7f330e225000 rw-p 00000000 00:00 0 
7f330e225000-7f330e22f000 r-xp 00000000 08:01 3624923                    /usr/lib/x86_64-linux-gnu/libXrandr.so.2.2.0
7f330e22f000-7f330e42e000 ---p 0000a000 08:01 3624923                    /usr/lib/x86_64-linux-gnu/libXrandr.so.2.2.0
7f330e42e000-7f330e42f000 r--p 00009000 08:01 3624923                    /usr/lib/x86_64-linux-gnu/libXrandr.so.2.2.0
7f330e42f000-7f330e430000 rw-p 0000a000 08:01 3624923                    /usr/lib/x86_64-linux-gnu/libXrandr.so.2.2.0
7f330e430000-7f330e461000 r-xp 00000000 08:01 3625582                    /usr/lib/x86_64-linux-gnu/libpng16.so.16.34.0
7f330e461000-7f330e660000 ---p 00031000 08:01 3625582                    /usr/lib/x86_64-linux-gnu/libpng16.so.16.34.0
7f330e660000-7f330e661000 r--p 00030000 08:01 3625582                    /usr/lib/x86_64-linux-gnu/libpng16.so.16.34.0
7f330e661000-7f330e662000 rw-p 00031000 08:01 3625582                    /usr/lib/x86_64-linux-gnu/libpng16.so.16.34.0
7f330e662000-7f330e70f000 r-xp 00000000 08:01 3625256                    /usr/lib/x86_64-linux-gnu/libfreetype.so.6.15.0
7f330e70f000-7f330e90e000 ---p 000ad000 08:01 3625256                    /usr/lib/x86_64-linux-gnu/libfreetype.so.6.15.0
7f330e90e000-7f330e915000 r--p 000ac000 08:01 3625256                    /usr/lib/x86_64-linux-gnu/libfreetype.so.6.15.0
7f330e915000-7f330e916000 rw-p 000b3000 08:01 3625256                    /usr/lib/x86_64-linux-gnu/libfreetype.so.6.15.0
7f330e916000-7f330ea4a000 r-xp 00000000 08:01 4397154                    /usr/lib/jvm/java-11-openjdk-amd64/lib/libfontmanager.so
7f330ea4a000-7f330ec4a000 ---p 00134000 08:01 4397154                    /usr/lib/jvm/java-11-openjdk-amd64/lib/libfontmanager.so
7f330ec4a000-7f330ec4b000 r--p 00134000 08:01 4397154                    /usr/lib/jvm/java-11-openjdk-amd64/lib/libfontmanager.so
7f330ec4b000-7f330ec4c000 rw-p 00135000 08:01 4397154                    /usr/lib/jvm/java-11-openjdk-amd64/lib/libfontmanager.so
7f330ec4c000-7f330ec4f000 rw-p 00000000 00:00 0 
7f330ec4f000-7f330ec62000 r-xp 00000000 08:01 3358775                    /lib/x86_64-linux-gnu/libbsd.so.0.8.7
7f330ec62000-7f330ee61000 ---p 00013000 08:01 3358775                    /lib/x86_64-linux-gnu/libbsd.so.0.8.7
7f330ee61000-7f330ee62000 r--p 00012000 08:01 3358775                    /lib/x86_64-linux-gnu/libbsd.so.0.8.7
7f330ee62000-7f330ee63000 rw-p 00013000 08:01 3358775                    /lib/x86_64-linux-gnu/libbsd.so.0.8.7
7f330ee63000-7f330ee64000 rw-p 00000000 00:00 0 
7f330ee64000-7f330ee69000 r-xp 00000000 08:01 3624903                    /usr/lib/x86_64-linux-gnu/libXdmcp.so.6.0.0
7f330ee69000-7f330f068000 ---p 00005000 08:01 3624903                    /usr/lib/x86_64-linux-gnu/libXdmcp.so.6.0.0
7f330f068000-7f330f069000 r--p 00004000 08:01 3624903                    /usr/lib/x86_64-linux-gnu/libXdmcp.so.6.0.0
7f330f069000-7f330f06a000 rw-p 00005000 08:01 3624903                    /usr/lib/x86_64-linux-gnu/libXdmcp.so.6.0.0
7f330f06a000-7f330f06c000 r-xp 00000000 08:01 3624892                    /usr/lib/x86_64-linux-gnu/libXau.so.6.0.0
7f330f06c000-7f330f26c000 ---p 00002000 08:01 3624892                    /usr/lib/x86_64-linux-gnu/libXau.so.6.0.0
7f330f26c000-7f330f26d000 r--p 00002000 08:01 3624892                    /usr/lib/x86_64-linux-gnu/libXau.so.6.0.0
7f330f26d000-7f330f26e000 rw-p 00003000 08:01 3624892                    /usr/lib/x86_64-linux-gnu/libXau.so.6.0.0
7f330f26e000-7f330f294000 r-xp 00000000 08:01 3625785                    /usr/lib/x86_64-linux-gnu/libxcb.so.1.1.0
7f330f294000-7f330f494000 ---p 00026000 08:01 3625785                    /usr/lib/x86_64-linux-gnu/libxcb.so.1.1.0
7f330f494000-7f330f495000 r--p 00026000 08:01 3625785                    /usr/lib/x86_64-linux-gnu/libxcb.so.1.1.0
7f330f495000-7f330f496000 rw-p 00027000 08:01 3625785                    /usr/lib/x86_64-linux-gnu/libxcb.so.1.1.0
7f330f496000-7f330f4a5000 r-xp 00000000 08:01 3624913                    /usr/lib/x86_64-linux-gnu/libXi.so.6.1.0
7f330f4a5000-7f330f6a4000 ---p 0000f000 08:01 3624913                    /usr/lib/x86_64-linux-gnu/libXi.so.6.1.0
7f330f6a4000-7f330f6a5000 r--p 0000e000 08:01 3624913                    /usr/lib/x86_64-linux-gnu/libXi.so.6.1.0
7f330f6a5000-7f330f6a6000 rw-p 0000f000 08:01 3624913                    /usr/lib/x86_64-linux-gnu/libXi.so.6.1.0
7f330f6a6000-7f330f6ab000 r-xp 00000000 08:01 3624931                    /usr/lib/x86_64-linux-gnu/libXtst.so.6.1.0
7f330f6ab000-7f330f8aa000 ---p 00005000 08:01 3624931                    /usr/lib/x86_64-linux-gnu/libXtst.so.6.1.0
7f330f8aa000-7f330f8ab000 r--p 00004000 08:01 3624931                    /usr/lib/x86_64-linux-gnu/libXtst.so.6.1.0
7f330f8ab000-7f330f8ac000 rw-p 00005000 08:01 3624931                    /usr/lib/x86_64-linux-gnu/libXtst.so.6.1.0
7f330f8ac000-7f330f8b5000 r-xp 00000000 08:01 3624925                    /usr/lib/x86_64-linux-gnu/libXrender.so.1.3.0
7f330f8b5000-7f330fab4000 ---p 00009000 08:01 3624925                    /usr/lib/x86_64-linux-gnu/libXrender.so.1.3.0
7f330fab4000-7f330fab5000 r--p 00008000 08:01 3624925                    /usr/lib/x86_64-linux-gnu/libXrender.so.1.3.0
7f330fab5000-7f330fab6000 rw-p 00009000 08:01 3624925                    /usr/lib/x86_64-linux-gnu/libXrender.so.1.3.0
7f330fab6000-7f330fbe9000 r-xp 00000000 08:01 3624890                    /usr/lib/x86_64-linux-gnu/libX11.so.6.3.0
7f330fbe9000-7f330fde9000 ---p 00133000 08:01 3624890                    /usr/lib/x86_64-linux-gnu/libX11.so.6.3.0
7f330fde9000-7f330fdea000 r--p 00133000 08:01 3624890                    /usr/lib/x86_64-linux-gnu/libX11.so.6.3.0
7f330fdea000-7f330fdee000 rw-p 00134000 08:01 3624890                    /usr/lib/x86_64-linux-gnu/libX11.so.6.3.0
7f330fdee000-7f330fdff000 r-xp 00000000 08:01 3624905                    /usr/lib/x86_64-linux-gnu/libXext.so.6.4.0
7f330fdff000-7f330fffe000 ---p 00011000 08:01 3624905                    /usr/lib/x86_64-linux-gnu/libXext.so.6.4.0
7f330fffe000-7f330ffff000 r--p 00010000 08:01 3624905                    /usr/lib/x86_64-linux-gnu/libXext.so.6.4.0
7f330ffff000-7f3310000000 rw-p 00011000 08:01 3624905                    /usr/lib/x86_64-linux-gnu/libXext.so.6.4.0
7f3310000000-7f3310021000 rw-p 00000000 00:00 0 
7f3310021000-7f3314000000 ---p 00000000 00:00 0 
7f3314000000-7f3314021000 rw-p 00000000 00:00 0 
7f3314021000-7f3318000000 ---p 00000000 00:00 0 
7f3318000000-7f33181ff000 rw-p 00000000 00:00 0 
7f33181ff000-7f331c000000 ---p 00000000 00:00 0 
7f331c000000-7f331c021000 rw-p 00000000 00:00 0 
7f331c021000-7f3320000000 ---p 00000000 00:00 0 
7f3320000000-7f3320021000 rw-p 00000000 00:00 0 
7f3320021000-7f3324000000 ---p 00000000 00:00 0 
7f3324000000-7f33245d9000 rw-p 00000000 00:00 0 
7f33245d9000-7f3328000000 ---p 00000000 00:00 0 
7f3328000000-7f3328021000 rw-p 00000000 00:00 0 
7f3328021000-7f332c000000 ---p 00000000 00:00 0 
7f332c000000-7f332c021000 rw-p 00000000 00:00 0 
7f332c021000-7f3330000000 ---p 00000000 00:00 0 
7f3330000000-7f3330021000 rw-p 00000000 00:00 0 
7f3330021000-7f3334000000 ---p 00000000 00:00 0 
7f33340b7000-7f33340bb000 ---p 00000000 00:00 0 
7f33340bb000-7f33341b8000 rw-p 00000000 00:00 0 
7f33341b8000-7f3334217000 r-xp 00000000 08:01 4397151                    /usr/lib/jvm/java-11-openjdk-amd64/lib/libawt_xawt.so
7f3334217000-7f3334417000 ---p 0005f000 08:01 4397151                    /usr/lib/jvm/java-11-openjdk-amd64/lib/libawt_xawt.so
7f3334417000-7f3334418000 r--p 0005f000 08:01 4397151                    /usr/lib/jvm/java-11-openjdk-amd64/lib/libawt_xawt.so
7f3334418000-7f333441a000 rw-p 00060000 08:01 4397151                    /usr/lib/jvm/java-11-openjdk-amd64/lib/libawt_xawt.so
7f333441a000-7f333441c000 rw-p 00000000 00:00 0 
7f333441c000-7f33344ba000 r-xp 00000000 08:01 4397149                    /usr/lib/jvm/java-11-openjdk-amd64/lib/libawt.so
7f33344ba000-7f33346ba000 ---p 0009e000 08:01 4397149                    /usr/lib/jvm/java-11-openjdk-amd64/lib/libawt.so
7f33346ba000-7f33346bb000 r--p 0009e000 08:01 4397149                    /usr/lib/jvm/java-11-openjdk-amd64/lib/libawt.so
7f33346bb000-7f33346c6000 rw-p 0009f000 08:01 4397149                    /usr/lib/jvm/java-11-openjdk-amd64/lib/libawt.so
7f33346c6000-7f33346eb000 rw-p 00000000 00:00 0 
7f33346eb000-7f3334701000 r-xp 00000000 08:01 4397172                    /usr/lib/jvm/java-11-openjdk-amd64/lib/libnet.so
7f3334701000-7f3334900000 ---p 00016000 08:01 4397172                    /usr/lib/jvm/java-11-openjdk-amd64/lib/libnet.so
7f3334900000-7f3334901000 r--p 00015000 08:01 4397172                    /usr/lib/jvm/java-11-openjdk-amd64/lib/libnet.so
7f3334901000-7f3334902000 rw-p 00016000 08:01 4397172                    /usr/lib/jvm/java-11-openjdk-amd64/lib/libnet.so
7f3334902000-7f3334b72000 rwxp 00000000 00:00 0 
7f3334b72000-7f3334e91000 ---p 00000000 00:00 0 
7f3334e91000-7f3335101000 rwxp 00000000 00:00 0 
7f3335101000-7f333c3c9000 ---p 00000000 00:00 0 
7f333c3c9000-7f333c639000 rwxp 00000000 00:00 0 
7f333c639000-7f3343902000 ---p 00000000 00:00 0 
7f334beff000-7f334bf03000 ---p 00000000 00:00 0 
7f334bf03000-7f334c000000 rw-p 00000000 00:00 0 
7f334c000000-7f334c202000 rw-p 00000000 00:00 0 
7f334c202000-7f3350000000 ---p 00000000 00:00 0 
7f33500f4000-7f33500f8000 ---p 00000000 00:00 0 
7f33500f8000-7f33501f5000 rw-p 00000000 00:00 0 
7f33501f5000-7f33501fe000 r--p 00000000 08:01 3872135                    /usr/share/glib-2.0/schemas/gschemas.compiled
7f33501fe000-7f335020e000 r-xp 00000000 08:01 4397173                    /usr/lib/jvm/java-11-openjdk-amd64/lib/libnio.so
7f335020e000-7f335040d000 ---p 00010000 08:01 4397173                    /usr/lib/jvm/java-11-openjdk-amd64/lib/libnio.so
7f335040d000-7f335040e000 r--p 0000f000 08:01 4397173                    /usr/lib/jvm/java-11-openjdk-amd64/lib/libnio.so
7f335040e000-7f335040f000 rw-p 00010000 08:01 4397173                    /usr/lib/jvm/java-11-openjdk-amd64/lib/libnio.so
7f335040f000-7f3350413000 ---p 00000000 00:00 0 
7f3350413000-7f3350510000 rw-p 00000000 00:00 0 
7f3350510000-7f3350511000 ---p 00000000 00:00 0 
7f3350511000-7f3350612000 rw-p 00000000 00:00 0 
7f3350612000-7f3350616000 ---p 00000000 00:00 0 
7f3350616000-7f3350713000 rw-p 00000000 00:00 0 
7f3350713000-7f3350717000 ---p 00000000 00:00 0 
7f3350717000-7f3350814000 rw-p 00000000 00:00 0 
7f3350814000-7f3350818000 ---p 00000000 00:00 0 
7f3350818000-7f3350915000 rw-p 00000000 00:00 0 
7f3350915000-7f3350919000 ---p 00000000 00:00 0 
7f3350919000-7f3350a16000 rw-p 00000000 00:00 0 
7f3350a16000-7f3350a1a000 ---p 00000000 00:00 0 
7f3350a1a000-7f3350b17000 rw-p 00000000 00:00 0 
7f3350b17000-7f3350cb2000 r--p 00000000 08:01 3620948                    /usr/lib/locale/locale-archive
7f3350cb2000-7f3350cb6000 ---p 00000000 00:00 0 
7f3350cb6000-7f3350db3000 rw-p 00000000 00:00 0 
7f3350db3000-7f3350db7000 ---p 00000000 00:00 0 
7f3350db7000-7f3350eb4000 rw-p 00000000 00:00 0 
7f3350eb4000-7f3350eb5000 ---p 00000000 00:00 0 
7f3350eb5000-7f33517d2000 rw-p 00000000 00:00 0 
7f33517d2000-7f3351892000 ---p 00000000 00:00 0 
7f3351892000-7f3351897000 rw-p 00000000 00:00 0 
7f3351897000-7f335197d000 ---p 00000000 00:00 0 
7f335197d000-7f3351982000 rw-p 00000000 00:00 0 
7f3351982000-7f3351a68000 ---p 00000000 00:00 0 
7f3351a68000-7f3351a6f000 r-xp 00000000 08:01 4397182                    /usr/lib/jvm/java-11-openjdk-amd64/lib/libzip.so
7f3351a6f000-7f3351c6e000 ---p 00007000 08:01 4397182                    /usr/lib/jvm/java-11-openjdk-amd64/lib/libzip.so
7f3351c6e000-7f3351c6f000 r--p 00006000 08:01 4397182                    /usr/lib/jvm/java-11-openjdk-amd64/lib/libzip.so
7f3351c6f000-7f3351c70000 rw-p 00007000 08:01 4397182                    /usr/lib/jvm/java-11-openjdk-amd64/lib/libzip.so
7f3351c70000-7f3351c7b000 r-xp 00000000 08:01 3355215                    /lib/x86_64-linux-gnu/libnss_files-2.27.so
7f3351c7b000-7f3351e7a000 ---p 0000b000 08:01 3355215                    /lib/x86_64-linux-gnu/libnss_files-2.27.so
7f3351e7a000-7f3351e7b000 r--p 0000a000 08:01 3355215                    /lib/x86_64-linux-gnu/libnss_files-2.27.so
7f3351e7b000-7f3351e7c000 rw-p 0000b000 08:01 3355215                    /lib/x86_64-linux-gnu/libnss_files-2.27.so
7f3351e7c000-7f3351e82000 rw-p 00000000 00:00 0 
7f3351e82000-7f3351e99000 r-xp 00000000 08:01 3355209                    /lib/x86_64-linux-gnu/libnsl-2.27.so
7f3351e99000-7f3352098000 ---p 00017000 08:01 3355209                    /lib/x86_64-linux-gnu/libnsl-2.27.so
7f3352098000-7f3352099000 r--p 00016000 08:01 3355209                    /lib/x86_64-linux-gnu/libnsl-2.27.so
7f3352099000-7f335209a000 rw-p 00017000 08:01 3355209                    /lib/x86_64-linux-gnu/libnsl-2.27.so
7f335209a000-7f335209c000 rw-p 00000000 00:00 0 
7f335209c000-7f33520a7000 r-xp 00000000 08:01 3355219                    /lib/x86_64-linux-gnu/libnss_nis-2.27.so
7f33520a7000-7f33522a6000 ---p 0000b000 08:01 3355219                    /lib/x86_64-linux-gnu/libnss_nis-2.27.so
7f33522a6000-7f33522a7000 r--p 0000a000 08:01 3355219                    /lib/x86_64-linux-gnu/libnss_nis-2.27.so
7f33522a7000-7f33522a8000 rw-p 0000b000 08:01 3355219                    /lib/x86_64-linux-gnu/libnss_nis-2.27.so
7f33522a8000-7f33522b0000 r-xp 00000000 08:01 3355211                    /lib/x86_64-linux-gnu/libnss_compat-2.27.so
7f33522b0000-7f33524b0000 ---p 00008000 08:01 3355211                    /lib/x86_64-linux-gnu/libnss_compat-2.27.so
7f33524b0000-7f33524b1000 r--p 00008000 08:01 3355211                    /lib/x86_64-linux-gnu/libnss_compat-2.27.so
7f33524b1000-7f33524b2000 rw-p 00009000 08:01 3355211                    /lib/x86_64-linux-gnu/libnss_compat-2.27.so
7f33524b2000-7f33524b7000 r-xp 00000000 08:01 4397164                    /usr/lib/jvm/java-11-openjdk-amd64/lib/libjimage.so
7f33524b7000-7f33526b6000 ---p 00005000 08:01 4397164                    /usr/lib/jvm/java-11-openjdk-amd64/lib/libjimage.so
7f33526b6000-7f33526b7000 r--p 00004000 08:01 4397164                    /usr/lib/jvm/java-11-openjdk-amd64/lib/libjimage.so
7f33526b7000-7f33526b8000 rw-p 00005000 08:01 4397164                    /usr/lib/jvm/java-11-openjdk-amd64/lib/libjimage.so
7f33526b8000-7f33526e1000 r-xp 00000000 08:01 4397160                    /usr/lib/jvm/java-11-openjdk-amd64/lib/libjava.so
7f33526e1000-7f33528e1000 ---p 00029000 08:01 4397160                    /usr/lib/jvm/java-11-openjdk-amd64/lib/libjava.so
7f33528e1000-7f33528e2000 r--p 00029000 08:01 4397160                    /usr/lib/jvm/java-11-openjdk-amd64/lib/libjava.so
7f33528e2000-7f33528e3000 rw-p 0002a000 08:01 4397160                    /usr/lib/jvm/java-11-openjdk-amd64/lib/libjava.so
7f33528e3000-7f33528e4000 rw-p 00000000 00:00 0 
7f33528e4000-7f33528f1000 r-xp 00000000 08:01 4397181                    /usr/lib/jvm/java-11-openjdk-amd64/lib/libverify.so
7f33528f1000-7f3352af0000 ---p 0000d000 08:01 4397181                    /usr/lib/jvm/java-11-openjdk-amd64/lib/libverify.so
7f3352af0000-7f3352af2000 r--p 0000c000 08:01 4397181                    /usr/lib/jvm/java-11-openjdk-amd64/lib/libverify.so
7f3352af2000-7f3352af3000 rw-p 0000e000 08:01 4397181                    /usr/lib/jvm/java-11-openjdk-amd64/lib/libverify.so
7f3352af3000-7f3352afa000 r-xp 00000000 08:01 3355238                    /lib/x86_64-linux-gnu/librt-2.27.so
7f3352afa000-7f3352cf9000 ---p 00007000 08:01 3355238                    /lib/x86_64-linux-gnu/librt-2.27.so
7f3352cf9000-7f3352cfa000 r--p 00006000 08:01 3355238                    /lib/x86_64-linux-gnu/librt-2.27.so
7f3352cfa000-7f3352cfb000 rw-p 00007000 08:01 3355238                    /lib/x86_64-linux-gnu/librt-2.27.so
7f3352cfb000-7f3352d12000 r-xp 00000000 08:01 3355191                    /lib/x86_64-linux-gnu/libgcc_s.so.1
7f3352d12000-7f3352f11000 ---p 00017000 08:01 3355191                    /lib/x86_64-linux-gnu/libgcc_s.so.1
7f3352f11000-7f3352f12000 r--p 00016000 08:01 3355191                    /lib/x86_64-linux-gnu/libgcc_s.so.1
7f3352f12000-7f3352f13000 rw-p 00017000 08:01 3355191                    /lib/x86_64-linux-gnu/libgcc_s.so.1
7f3352f13000-7f33530b0000 r-xp 00000000 08:01 3355198                    /lib/x86_64-linux-gnu/libm-2.27.so
7f33530b0000-7f33532af000 ---p 0019d000 08:01 3355198                    /lib/x86_64-linux-gnu/libm-2.27.so
7f33532af000-7f33532b0000 r--p 0019c000 08:01 3355198                    /lib/x86_64-linux-gnu/libm-2.27.so
7f33532b0000-7f33532b1000 rw-p 0019d000 08:01 3355198                    /lib/x86_64-linux-gnu/libm-2.27.so
7f33532b1000-7f335342a000 r-xp 00000000 08:01 3355971                    /usr/lib/x86_64-linux-gnu/libstdc++.so.6.0.25
7f335342a000-7f335362a000 ---p 00179000 08:01 3355971                    /usr/lib/x86_64-linux-gnu/libstdc++.so.6.0.25
7f335362a000-7f3353634000 r--p 00179000 08:01 3355971                    /usr/lib/x86_64-linux-gnu/libstdc++.so.6.0.25
7f3353634000-7f3353636000 rw-p 00183000 08:01 3355971                    /usr/lib/x86_64-linux-gnu/libstdc++.so.6.0.25
7f3353636000-7f335363a000 rw-p 00000000 00:00 0 
7f335363a000-7f3354718000 r-xp 00000000 08:01 4397195                    /usr/lib/jvm/java-11-openjdk-amd64/lib/server/libjvm.so
7f3354718000-7f3354917000 ---p 010de000 08:01 4397195                    /usr/lib/jvm/java-11-openjdk-amd64/lib/server/libjvm.so
7f3354917000-7f33549d4000 r--p 010dd000 08:01 4397195                    /usr/lib/jvm/java-11-openjdk-amd64/lib/server/libjvm.so
7f33549d4000-7f3354a0d000 rw-p 0119a000 08:01 4397195                    /usr/lib/jvm/java-11-openjdk-amd64/lib/server/libjvm.so
7f3354a0d000-7f3354a64000 rw-p 00000000 00:00 0 
7f3354a64000-7f3354a7e000 r-xp 00000000 08:01 3355234                    /lib/x86_64-linux-gnu/libpthread-2.27.so
7f3354a7e000-7f3354c7d000 ---p 0001a000 08:01 3355234                    /lib/x86_64-linux-gnu/libpthread-2.27.so
7f3354c7d000-7f3354c7e000 r--p 00019000 08:01 3355234                    /lib/x86_64-linux-gnu/libpthread-2.27.so
7f3354c7e000-7f3354c7f000 rw-p 0001a000 08:01 3355234                    /lib/x86_64-linux-gnu/libpthread-2.27.so
7f3354c7f000-7f3354c83000 rw-p 00000000 00:00 0 
7f3354c83000-7f3354c86000 r-xp 00000000 08:01 3355183                    /lib/x86_64-linux-gnu/libdl-2.27.so
7f3354c86000-7f3354e85000 ---p 00003000 08:01 3355183                    /lib/x86_64-linux-gnu/libdl-2.27.so
7f3354e85000-7f3354e86000 r--p 00002000 08:01 3355183                    /lib/x86_64-linux-gnu/libdl-2.27.so
7f3354e86000-7f3354e87000 rw-p 00003000 08:01 3355183                    /lib/x86_64-linux-gnu/libdl-2.27.so
7f3354e87000-7f3354ea3000 r-xp 00000000 08:01 3355261                    /lib/x86_64-linux-gnu/libz.so.1.2.11
7f3354ea3000-7f33550a2000 ---p 0001c000 08:01 3355261                    /lib/x86_64-linux-gnu/libz.so.1.2.11
7f33550a2000-7f33550a3000 r--p 0001b000 08:01 3355261                    /lib/x86_64-linux-gnu/libz.so.1.2.11
7f33550a3000-7f33550a4000 rw-p 0001c000 08:01 3355261                    /lib/x86_64-linux-gnu/libz.so.1.2.11
7f33550a4000-7f335528b000 r-xp 00000000 08:01 3355173                    /lib/x86_64-linux-gnu/libc-2.27.so
7f335528b000-7f335548b000 ---p 001e7000 08:01 3355173                    /lib/x86_64-linux-gnu/libc-2.27.so
7f335548b000-7f335548f000 r--p 001e7000 08:01 3355173                    /lib/x86_64-linux-gnu/libc-2.27.so
7f335548f000-7f3355491000 rw-p 001eb000 08:01 3355173                    /lib/x86_64-linux-gnu/libc-2.27.so
7f3355491000-7f3355495000 rw-p 00000000 00:00 0 
7f3355495000-7f33554a5000 r-xp 00000000 08:01 4397142                    /usr/lib/jvm/java-11-openjdk-amd64/lib/jli/libjli.so
7f33554a5000-7f33556a4000 ---p 00010000 08:01 4397142                    /usr/lib/jvm/java-11-openjdk-amd64/lib/jli/libjli.so
7f33556a4000-7f33556a5000 r--p 0000f000 08:01 4397142                    /usr/lib/jvm/java-11-openjdk-amd64/lib/jli/libjli.so
7f33556a5000-7f33556a6000 rw-p 00010000 08:01 4397142                    /usr/lib/jvm/java-11-openjdk-amd64/lib/jli/libjli.so
7f33556a6000-7f33556cd000 r-xp 00000000 08:01 3355155                    /lib/x86_64-linux-gnu/ld-2.27.so
7f33556d1000-7f335573e000 rw-p 00000000 00:00 0 
7f335573e000-7f3355766000 ---p 00000000 00:00 0 
7f3355766000-7f3355768000 rw-p 00000000 00:00 0 
7f3355768000-7f335577b000 ---p 00000000 00:00 0 
7f335577b000-7f335577e000 rw-p 00000000 00:00 0 
7f335577e000-7f33557a6000 ---p 00000000 00:00 0 
7f33557a6000-7f33557a7000 rw-p 00000000 00:00 0 
7f33557a7000-7f33557ab000 ---p 00000000 00:00 0 
7f33557ab000-7f33558ad000 rw-p 00000000 00:00 0 
7f33558ad000-7f33558ae000 r--s 00000000 08:01 11918706                   /home/runner/.cache/dconf/user
7f33558ae000-7f33558b3000 rw-p 00000000 00:00 0 
7f33558b3000-7f33558ba000 ---p 00000000 00:00 0 
7f33558ba000-7f33558bc000 r--s 00007000 08:01 5170984                    /usr/share/java/java-atk-wrapper.jar
7f33558bc000-7f33558c4000 rw-s 00000000 08:01 11918680                   /tmp/hsperfdata_runner/230
7f33558c4000-7f33558c5000 ---p 00000000 00:00 0 
7f33558c5000-7f33558c6000 r--p 00000000 00:00 0 
7f33558c6000-7f33558c7000 r--p 00000000 08:01 4152979                    /usr/local/lib/repl.so
7f33558c7000-7f33558c8000 r-xp 00001000 08:01 4152979                    /usr/local/lib/repl.so
7f33558c8000-7f33558c9000 r--p 00002000 08:01 4152979                    /usr/local/lib/repl.so
7f33558c9000-7f33558ca000 r--p 00002000 08:01 4152979                    /usr/local/lib/repl.so
7f33558ca000-7f33558cb000 rw-p 00003000 08:01 4152979                    /usr/local/lib/repl.so
7f33558cb000-7f33558cd000 rw-p 00000000 00:00 0 
7f33558cd000-7f33558ce000 r--p 00027000 08:01 3355155                    /lib/x86_64-linux-gnu/ld-2.27.so
7f33558ce000-7f33558cf000 rw-p 00028000 08:01 3355155                    /lib/x86_64-linux-gnu/ld-2.27.so
7f33558cf000-7f33558d0000 rw-p 00000000 00:00 0 
7ffeeec0c000-7ffeeec2d000 rw-p 00000000 00:00 0                          [stack]
7ffeeece0000-7ffeeece3000 r--p 00000000 00:00 0                          [vvar]
7ffeeece3000-7ffeeece4000 r-xp 00000000 00:00 0                          [vdso]
ffffffffff600000-ffffffffff601000 r-xp 00000000 00:00 0                  [vsyscall]


VM Arguments:
java_command: Main
java_class_path (initial): .
Launcher Type: SUN_STANDARD

[Global flags]
     intx CICompilerCount                          = 2                                         {product} {ergonomic}
   size_t InitialHeapSize                          = 8388608                                   {product} {ergonomic}
   size_t MaxHeapSize                              = 134217728                                 {product} {ergonomic}
   size_t MaxNewSize                               = 44695552                                  {product} {ergonomic}
   size_t MinHeapDeltaBytes                        = 196608                                    {product} {ergonomic}
   size_t NewSize                                  = 2752512                                   {product} {ergonomic}
    uintx NonNMethodCodeHeapSize                   = 5825164                                {pd product} {ergonomic}
    uintx NonProfiledCodeHeapSize                  = 122916538                              {pd product} {ergonomic}
   size_t OldSize                                  = 5636096                                   {product} {ergonomic}
    uintx ProfiledCodeHeapSize                     = 122916538                              {pd product} {ergonomic}
    uintx ReservedCodeCacheSize                    = 251658240                              {pd product} {ergonomic}
     bool SegmentedCodeCache                       = true                                      {product} {ergonomic}
     bool UseCompressedClassPointers               = true                                 {lp64_product} {ergonomic}
     bool UseCompressedOops                        = true                                 {lp64_product} {ergonomic}
     bool UseSerialGC                              = true                                      {product} {ergonomic}

Logging:
Log output configuration:
 #0: stdout all=warning uptime,level,tags
 #1: stderr all=off uptime,level,tags

Environment Variables:
PATH=/home/runner/.apt/usr/bin:/usr/local/go/bin:/opt/virtualenvs/python3/bin:/usr/GNUstep/System/Tools:/usr/GNUstep/Local/Tools:/usr/local/sbin:/usr/local/bin:/usr/sbin:/usr/bin:/sbin:/bin
LD_LIBRARY_PATH=/home/runner/.apt/usr/lib/x86_64-linux-gnu:/home/runner/.apt/usr/lib/i386-linux-gnu:/home/runner/.apt/usr/lib:
LD_PRELOAD=/usr/local/lib/repl.so
DISPLAY=MAGIC
LANG=en_US.UTF-8
LC_ALL=en_US.UTF-8

Signal Handlers:
SIGSEGV: [libjvm.so+0xdf9610], sa_mask[0]=11111111011111111101111111111110, sa_flags=SA_RESTART|SA_SIGINFO
SIGBUS: [libjvm.so+0xdf9610], sa_mask[0]=11111111011111111101111111111110, sa_flags=SA_RESTART|SA_SIGINFO
SIGFPE: [libjvm.so+0xdf9610], sa_mask[0]=11111111011111111101111111111110, sa_flags=SA_RESTART|SA_SIGINFO
SIGPIPE: SIG_IGN, sa_mask[0]=00000000000010000000000000000000, sa_flags=SA_RESTART
SIGXFSZ: [libjvm.so+0xbcc360], sa_mask[0]=11111111011111111101111111111110, sa_flags=SA_RESTART|SA_SIGINFO
SIGILL: [libjvm.so+0xdf9610], sa_mask[0]=11111111011111111101111111111110, sa_flags=SA_RESTART|SA_SIGINFO
SIGUSR2: [libjvm.so+0xbcc200], sa_mask[0]=00000000000000000000000000000000, sa_flags=SA_RESTART|SA_SIGINFO
SIGHUP: [libjvm.so+0xbcc560], sa_mask[0]=11111111011111111101111111111110, sa_flags=SA_RESTART|SA_SIGINFO
SIGINT: [libjvm.so+0xbcc560], sa_mask[0]=11111111011111111101111111111110, sa_flags=SA_RESTART|SA_SIGINFO
SIGTERM: [libjvm.so+0xbcc560], sa_mask[0]=11111111011111111101111111111110, sa_flags=SA_RESTART|SA_SIGINFO
SIGQUIT: [libjvm.so+0xbcc560], sa_mask[0]=11111111011111111101111111111110, sa_flags=SA_RESTART|SA_SIGINFO


---------------  S Y S T E M  ---------------

OS:DISTRIB_ID=Ubuntu
DISTRIB_RELEASE=18.04
DISTRIB_CODENAME=bionic
DISTRIB_DESCRIPTION="Ubuntu 18.04.5 LTS"
uname:Linux 5.4.0-1019-gcp #19-Ubuntu SMP Tue Jun 23 15:46:40 UTC 2020 x86_64
OS uptime: 0 days 23:09 hours
libc:glibc 2.27 NPTL 2.27 
rlimit (soft/hard): STACK 8192k/infinity , CORE infinity/infinity , NPROC infinity/infinity , NOFILE 512/512 , AS infinity/infinity , CPU infinity/infinity , DATA infinity/infinity , FSIZE infinity/infinity , MEMLOCK 64k/64k
load average:12.07 9.50 8.45

/proc/meminfo:
MemTotal:       26694668 kB
MemFree:          321416 kB
MemAvailable:   17208472 kB
Buffers:          346520 kB
Cached:         12959848 kB
SwapCached:            0 kB
Active:         15839500 kB
Inactive:        6680960 kB
Active(anon):    6598212 kB
Inactive(anon):     8460 kB
Active(file):    9241288 kB
Inactive(file):  6672500 kB
Unevictable:       50504 kB
Mlocked:           50504 kB
SwapTotal:             0 kB
SwapFree:              0 kB
Dirty:             46336 kB
Writeback:          6380 kB
AnonPages:       9264832 kB
Mapped:          1041792 kB
Shmem:             19544 kB
KReclaimable:    1390700 kB
Slab:            3073748 kB
SReclaimable:    1390700 kB
SUnreclaim:      1683048 kB
KernelStack:      361768 kB
PageTables:       124028 kB
NFS_Unstable:          0 kB
Bounce:                0 kB
WritebackTmp:          0 kB
CommitLimit:    13347332 kB
Committed_AS:   71537344 kB
VmallocTotal:   34359738367 kB
VmallocUsed:      380916 kB
VmallocChunk:          0 kB
Percpu:            37696 kB
HardwareCorrupted:     0 kB
AnonHugePages:   1460224 kB
ShmemHugePages:        0 kB
ShmemPmdMapped:        0 kB
FileHugePages:         0 kB
FilePmdMapped:         0 kB
CmaTotal:              0 kB
CmaFree:               0 kB
HugePages_Total:       0
HugePages_Free:        0
HugePages_Rsvd:        0
HugePages_Surp:        0
Hugepagesize:       2048 kB
Hugetlb:               0 kB
DirectMap4k:     5690600 kB
DirectMap2M:    21571584 kB
DirectMap1G:     2097152 kB

/sys/kernel/mm/transparent_hugepage/enabled:
always [madvise] never

/sys/kernel/mm/transparent_hugepage/defrag (defrag/compaction efforts parameter):
always defer defer+madvise [madvise] never


/proc/sys/kernel/threads-max (system-wide limit on the number of threads):
208489


/proc/sys/vm/max_map_count (maximum number of memory map areas a process may have):
65530


/proc/sys/kernel/pid_max (system-wide limit on number of process identifiers):
4194304



container (cgroup) information:
container_type: cgroupv1
cpu_cpuset_cpus: 0-3
cpu_memory_nodes: 0
active_processor_count: 1
cpu_quota: 50000
cpu_period: 100000
cpu_shares: 512
memory_limit_in_bytes: 536870912
memory_and_swap_limit_in_bytes: -2
memory_soft_limit_in_bytes: -1
memory_usage_in_bytes: 69656576
memory_max_usage_in_bytes: 91860992

KVM virtualization detected
Steal ticks since vm start: 0
Steal ticks percentage since vm start:  0.000

CPU:total 4 (initial active 1) (2 cores per cpu, 2 threads per core) family 6 model 63 stepping 0, cmov, cx8, fxsr, mmx, sse, sse2, sse3, ssse3, sse4.1, sse4.2, popcnt, avx, avx2, aes, clmul, erms, lzcnt, ht, tsc, tscinvbit, bmi1, bmi2, fma
CPU Model and flags from /proc/cpuinfo:
model name	: Intel(R) Xeon(R) CPU @ 2.30GHz
flags		: fpu vme de pse tsc msr pae mce cx8 apic sep mtrr pge mca cmov pat pse36 clflush mmx fxsr sse sse2 ss ht syscall nx pdpe1gb rdtscp lm constant_tsc rep_good nopl xtopology nonstop_tsc cpuid tsc_known_freq pni pclmulqdq ssse3 fma cx16 pcid sse4_1 sse4_2 x2apic movbe popcnt aes xsave avx f16c rdrand hypervisor lahf_lm abm invpcid_single pti ssbd ibrs ibpb stibp fsgsbase tsc_adjust bmi1 avx2 smep bmi2 erms invpcid xsaveopt arat md_clear arch_capabilities

Memory: 4k page, physical 524288k(456264k free), swap 0k(0k free)

vm_info: OpenJDK 64-Bit Server VM (11.0.8+10-post-Ubuntu-0ubuntu118.04.1) for linux-amd64 JRE (11.0.8+10-post-Ubuntu-0ubuntu118.04.1), built on Jul 15 2020 20:45:24 by "unknown" with gcc 7.5.0

END.
